<?xml version="1.0" encoding="UTF-8"?>
<!-- Generated by org.testng.reporters.JUnitXMLReporter -->
<testsuite ignored="1" hostname="DESKTOP-8BUMFP7" failures="0" tests="7" name="Default test" time="33.961" errors="0" timestamp="2022-05-31T14:54:23 IST">
  <testcase classname="testNGpractice.Regressionsuite" name="testcase1" time="0.487"/>
  <testcase classname="testNGpractice.Regressionsuite" name="testcase2" time="0.397"/>
  <testcase classname="testNGpractice.Regressionsuite" name="testcase3" time="0.348"/>
  <testcase classname="testNGpractice.Regressionsuite" name="testcase5" time="0.339"/>
  <testcase classname="testNGpractice.Regressionsuite" name="testcase6" time="0.375"/>
  <testcase classname="testNGpractice.Regressionsuite" name="testcase7" time="1.011"/>
  <testcase classname="testNGpractice.Regressionsuite" name="testcase10" time="0.89"/>
  <testcase classname="testNGpractice.Regressionsuite" name="testcase8" time="0.0">
    <ignored/>
  </testcase> <!-- testcase8 -->
</testsuite> <!-- Default test -->
