<?xml version="1.0" encoding="UTF-8"?>
<!-- Generated by org.testng.reporters.JUnitXMLReporter -->
<testsuite ignored="0" hostname="DESKTOP-8BUMFP7" failures="1" tests="8" name="Test" time="33.958" errors="0" timestamp="2022-06-03T11:52:07 IST">
  <testcase classname="testNGpractice.Regressionsuite" name="testcase1" time="0.666">
    <failure type="java.lang.AssertionError" message="expected [MainHMRR] but found [MainHMR]">
      <![CDATA[java.lang.AssertionError: expected [MainHMRR] but found [MainHMR]
at testNGpractice.Regressionsuite.testcase1(Regressionsuite.java:44)
at java.base/java.util.ArrayList.forEach(ArrayList.java:1511)
... Removed 33 stack frames]]>
    </failure>
  </testcase> <!-- testcase1 -->
  <testcase classname="testNGpractice.Regressionsuite" name="testcase2" time="0.351"/>
  <testcase classname="testNGpractice.Regressionsuite" name="testcase3" time="0.333"/>
  <testcase classname="testNGpractice.Regressionsuite" name="testcase5" time="0.315"/>
  <testcase classname="testNGpractice.Regressionsuite" name="testcase6" time="0.327"/>
  <testcase classname="testNGpractice.Regressionsuite" name="testcase7" time="0.0">
    <skipped/>
  </testcase> <!-- testcase7 -->
  <testcase classname="testNGpractice.Regressionsuite" name="testcase8" time="2.029"/>
  <testcase classname="testNGpractice.Regressionsuite" name="testcase10" time="0.666"/>
</testsuite> <!-- Test -->
