<?xml version="1.0" encoding="UTF-8"?>
<!-- Generated by org.testng.reporters.JUnitXMLReporter -->
<testsuite ignored="0" hostname="DESKTOP-8BUMFP7" failures="0" tests="11" name="Test" time="67.644" errors="0" timestamp="2022-06-01T19:27:12 IST">
  <testcase classname="testNGpractice.Regressionsuite" name="testcase1" time="0.83"/>
  <testcase classname="testNGpractice.Regressionsuite" name="testcase2" time="0.536"/>
  <testcase classname="testNGpractice.Regressionsuite" name="testcase3" time="0.376"/>
  <testcase classname="testNGpractice.Regressionsuite" name="testcase5" time="0.304"/>
  <testcase classname="testNGpractice.Regressionsuite" name="testcase6" time="0.39"/>
  <testcase classname="testNGpractice.Regressionsuite" name="testcase7" time="1.017"/>
  <testcase classname="testNGpractice.Regressionsuite" name="testcase8" time="2.381"/>
  <testcase classname="testNGpractice.Regressionsuite" name="testcase10" time="1.151"/>
  <testcase classname="testNGpractice.Loginsuite" name="testcase1" time="4.086"/>
  <testcase classname="testNGpractice.Loginsuite" name="testcase2" time="5.209"/>
  <testcase classname="testNGpractice.Loginsuite" name="testcase3" time="6.224"/>
</testsuite> <!-- Test -->
