<?xml version="1.0" encoding="UTF-8"?>
<testng-results ignored="0" total="2" passed="2" failed="0" skipped="0">
  <reporter-output>
  </reporter-output>
  <suite started-at="2022-06-02T19:59:28 IST" name="Suite" finished-at="2022-06-02T19:59:53 IST" duration-ms="25508">
    <groups>
      <group name="cross">
        <method signature="Cbrtesting.CrB()[pri:0, instance:testNGpractice.Cbrtesting@7c24b813]" name="CrB" class="testNGpractice.Cbrtesting"/>
        <method signature="Cbrtesting.CrB()[pri:0, instance:testNGpractice.Cbrtesting@7b36aa0c]" name="CrB" class="testNGpractice.Cbrtesting"/>
      </group> <!-- cross -->
    </groups>
    <test started-at="2022-06-02T19:59:28 IST" name="firefoxtesting" finished-at="2022-06-02T19:59:45 IST" duration-ms="17416">
      <class name="testNGpractice.Cbrtesting">
        <test-method is-config="true" signature="beforemethod(java.lang.String,java.lang.String)[pri:0, instance:testNGpractice.Cbrtesting@7c24b813]" started-at="2022-06-02T19:59:28 IST" name="beforemethod" finished-at="2022-06-02T19:59:42 IST" duration-ms="14395" status="PASS">
          <params>
            <param index="0">
              <value>
                <![CDATA[ff]]>
              </value>
            </param>
            <param index="1">
              <value>
                <![CDATA[https://bsadar.github.io/hmrbuild1/Loging.html]]>
              </value>
            </param>
          </params>
          <reporter-output>
          </reporter-output>
        </test-method> <!-- beforemethod -->
        <test-method signature="CrB()[pri:0, instance:testNGpractice.Cbrtesting@7c24b813]" started-at="2022-06-02T19:59:42 IST" name="CrB" finished-at="2022-06-02T19:59:43 IST" duration-ms="536" status="PASS">
          <reporter-output>
          </reporter-output>
        </test-method> <!-- CrB -->
        <test-method is-config="true" signature="aftermethod()[pri:0, instance:testNGpractice.Cbrtesting@7c24b813]" started-at="2022-06-02T19:59:43 IST" name="aftermethod" finished-at="2022-06-02T19:59:45 IST" duration-ms="2409" status="PASS">
          <reporter-output>
          </reporter-output>
        </test-method> <!-- aftermethod -->
      </class> <!-- testNGpractice.Cbrtesting -->
    </test> <!-- firefoxtesting -->
    <test started-at="2022-06-02T19:59:45 IST" name="chrometesting" finished-at="2022-06-02T19:59:53 IST" duration-ms="8013">
      <class name="testNGpractice.Cbrtesting">
        <test-method is-config="true" signature="beforemethod(java.lang.String,java.lang.String)[pri:0, instance:testNGpractice.Cbrtesting@7b36aa0c]" started-at="2022-06-02T19:59:45 IST" name="beforemethod" finished-at="2022-06-02T19:59:52 IST" duration-ms="6424" status="PASS">
          <params>
            <param index="0">
              <value>
                <![CDATA[gg]]>
              </value>
            </param>
            <param index="1">
              <value>
                <![CDATA[https://bsadar.github.io/hmrbuild1/Loging.html]]>
              </value>
            </param>
          </params>
          <reporter-output>
          </reporter-output>
        </test-method> <!-- beforemethod -->
        <test-method signature="CrB()[pri:0, instance:testNGpractice.Cbrtesting@7b36aa0c]" started-at="2022-06-02T19:59:52 IST" name="CrB" finished-at="2022-06-02T19:59:52 IST" duration-ms="355" status="PASS">
          <reporter-output>
          </reporter-output>
        </test-method> <!-- CrB -->
        <test-method is-config="true" signature="aftermethod()[pri:0, instance:testNGpractice.Cbrtesting@7b36aa0c]" started-at="2022-06-02T19:59:52 IST" name="aftermethod" finished-at="2022-06-02T19:59:53 IST" duration-ms="1226" status="PASS">
          <reporter-output>
          </reporter-output>
        </test-method> <!-- aftermethod -->
      </class> <!-- testNGpractice.Cbrtesting -->
    </test> <!-- chrometesting -->
  </suite> <!-- Suite -->
</testng-results>
