<?xml version="1.0" encoding="UTF-8"?>
<testng-results ignored="1" total="8" passed="7" failed="0" skipped="0">
  <reporter-output>
  </reporter-output>
  <suite started-at="2022-05-31T14:53:49 IST" name="Default suite" finished-at="2022-05-31T14:54:23 IST" duration-ms="33961">
    <groups>
      <group name="admin">
        <method signature="Regressionsuite.testcase10()[pri:8, instance:testNGpractice.Regressionsuite@543588e6]" name="testcase10" class="testNGpractice.Regressionsuite"/>
        <method signature="Regressionsuite.testcase7()[pri:6, instance:testNGpractice.Regressionsuite@543588e6]" name="testcase7" class="testNGpractice.Regressionsuite"/>
      </group> <!-- admin -->
      <group name="login">
        <method signature="Regressionsuite.testcase1()[pri:1, instance:testNGpractice.Regressionsuite@543588e6]" name="testcase1" class="testNGpractice.Regressionsuite"/>
        <method signature="Regressionsuite.testcase2()[pri:2, instance:testNGpractice.Regressionsuite@543588e6]" name="testcase2" class="testNGpractice.Regressionsuite"/>
        <method signature="Regressionsuite.testcase3()[pri:3, instance:testNGpractice.Regressionsuite@543588e6]" name="testcase3" class="testNGpractice.Regressionsuite"/>
        <method signature="Regressionsuite.testcase5()[pri:4, instance:testNGpractice.Regressionsuite@543588e6]" name="testcase5" class="testNGpractice.Regressionsuite"/>
        <method signature="Regressionsuite.testcase6()[pri:5, instance:testNGpractice.Regressionsuite@543588e6]" name="testcase6" class="testNGpractice.Regressionsuite"/>
      </group> <!-- login -->
    </groups>
    <test started-at="2022-05-31T14:53:49 IST" name="Default test" finished-at="2022-05-31T14:54:23 IST" duration-ms="33961">
      <class name="testNGpractice.Regressionsuite">
        <test-method is-config="true" signature="beforeMethod()[pri:0, instance:testNGpractice.Regressionsuite@543588e6]" started-at="2022-05-31T14:53:50 IST" name="beforeMethod" finished-at="2022-05-31T14:53:54 IST" duration-ms="4702" status="PASS">
          <reporter-output>
          </reporter-output>
        </test-method> <!-- beforeMethod -->
        <test-method signature="testcase1()[pri:1, instance:testNGpractice.Regressionsuite@543588e6]" started-at="2022-05-31T14:53:54 IST" name="testcase1" finished-at="2022-05-31T14:53:55 IST" duration-ms="487" status="PASS">
          <reporter-output>
          </reporter-output>
        </test-method> <!-- testcase1 -->
        <test-method is-config="true" signature="afterMethod()[pri:0, instance:testNGpractice.Regressionsuite@543588e6]" started-at="2022-05-31T14:53:55 IST" name="afterMethod" finished-at="2022-05-31T14:53:55 IST" duration-ms="277" status="PASS">
          <reporter-output>
          </reporter-output>
        </test-method> <!-- afterMethod -->
        <test-method is-config="true" signature="beforeMethod()[pri:0, instance:testNGpractice.Regressionsuite@543588e6]" started-at="2022-05-31T14:53:55 IST" name="beforeMethod" finished-at="2022-05-31T14:53:58 IST" duration-ms="3386" status="PASS">
          <reporter-output>
          </reporter-output>
        </test-method> <!-- beforeMethod -->
        <test-method signature="testcase2()[pri:2, instance:testNGpractice.Regressionsuite@543588e6]" started-at="2022-05-31T14:53:58 IST" name="testcase2" finished-at="2022-05-31T14:53:59 IST" duration-ms="397" status="PASS">
          <reporter-output>
          </reporter-output>
        </test-method> <!-- testcase2 -->
        <test-method is-config="true" signature="afterMethod()[pri:0, instance:testNGpractice.Regressionsuite@543588e6]" started-at="2022-05-31T14:53:59 IST" name="afterMethod" finished-at="2022-05-31T14:53:59 IST" duration-ms="248" status="PASS">
          <reporter-output>
          </reporter-output>
        </test-method> <!-- afterMethod -->
        <test-method is-config="true" signature="beforeMethod()[pri:0, instance:testNGpractice.Regressionsuite@543588e6]" started-at="2022-05-31T14:53:59 IST" name="beforeMethod" finished-at="2022-05-31T14:54:03 IST" duration-ms="3921" status="PASS">
          <reporter-output>
          </reporter-output>
        </test-method> <!-- beforeMethod -->
        <test-method signature="testcase3()[pri:3, instance:testNGpractice.Regressionsuite@543588e6]" started-at="2022-05-31T14:54:03 IST" name="testcase3" finished-at="2022-05-31T14:54:03 IST" duration-ms="348" status="PASS">
          <reporter-output>
          </reporter-output>
        </test-method> <!-- testcase3 -->
        <test-method is-config="true" signature="afterMethod()[pri:0, instance:testNGpractice.Regressionsuite@543588e6]" started-at="2022-05-31T14:54:03 IST" name="afterMethod" finished-at="2022-05-31T14:54:04 IST" duration-ms="265" status="PASS">
          <reporter-output>
          </reporter-output>
        </test-method> <!-- afterMethod -->
        <test-method is-config="true" signature="beforeMethod()[pri:0, instance:testNGpractice.Regressionsuite@543588e6]" started-at="2022-05-31T14:54:04 IST" name="beforeMethod" finished-at="2022-05-31T14:54:08 IST" duration-ms="4611" status="PASS">
          <reporter-output>
          </reporter-output>
        </test-method> <!-- beforeMethod -->
        <test-method signature="testcase5()[pri:4, instance:testNGpractice.Regressionsuite@543588e6]" started-at="2022-05-31T14:54:08 IST" name="testcase5" finished-at="2022-05-31T14:54:09 IST" duration-ms="339" status="PASS">
          <reporter-output>
          </reporter-output>
        </test-method> <!-- testcase5 -->
        <test-method is-config="true" signature="afterMethod()[pri:0, instance:testNGpractice.Regressionsuite@543588e6]" started-at="2022-05-31T14:54:09 IST" name="afterMethod" finished-at="2022-05-31T14:54:09 IST" duration-ms="246" status="PASS">
          <reporter-output>
          </reporter-output>
        </test-method> <!-- afterMethod -->
        <test-method is-config="true" signature="beforeMethod()[pri:0, instance:testNGpractice.Regressionsuite@543588e6]" started-at="2022-05-31T14:54:09 IST" name="beforeMethod" finished-at="2022-05-31T14:54:13 IST" duration-ms="4491" status="PASS">
          <reporter-output>
          </reporter-output>
        </test-method> <!-- beforeMethod -->
        <test-method signature="testcase6()[pri:5, instance:testNGpractice.Regressionsuite@543588e6]" started-at="2022-05-31T14:54:13 IST" name="testcase6" finished-at="2022-05-31T14:54:14 IST" duration-ms="375" status="PASS">
          <reporter-output>
          </reporter-output>
        </test-method> <!-- testcase6 -->
        <test-method is-config="true" signature="afterMethod()[pri:0, instance:testNGpractice.Regressionsuite@543588e6]" started-at="2022-05-31T14:54:14 IST" name="afterMethod" finished-at="2022-05-31T14:54:14 IST" duration-ms="243" status="PASS">
          <reporter-output>
          </reporter-output>
        </test-method> <!-- afterMethod -->
        <test-method is-config="true" signature="beforeMethod()[pri:0, instance:testNGpractice.Regressionsuite@543588e6]" started-at="2022-05-31T14:54:14 IST" name="beforeMethod" finished-at="2022-05-31T14:54:18 IST" duration-ms="3779" status="PASS">
          <reporter-output>
          </reporter-output>
        </test-method> <!-- beforeMethod -->
        <test-method signature="testcase7()[pri:6, instance:testNGpractice.Regressionsuite@543588e6]" started-at="2022-05-31T14:54:18 IST" name="testcase7" finished-at="2022-05-31T14:54:19 IST" duration-ms="1011" status="PASS">
          <reporter-output>
          </reporter-output>
        </test-method> <!-- testcase7 -->
        <test-method is-config="true" signature="afterMethod()[pri:0, instance:testNGpractice.Regressionsuite@543588e6]" started-at="2022-05-31T14:54:19 IST" name="afterMethod" finished-at="2022-05-31T14:54:19 IST" duration-ms="251" status="PASS">
          <reporter-output>
          </reporter-output>
        </test-method> <!-- afterMethod -->
        <test-method is-config="true" signature="beforeMethod()[pri:0, instance:testNGpractice.Regressionsuite@543588e6]" started-at="2022-05-31T14:54:19 IST" name="beforeMethod" finished-at="2022-05-31T14:54:22 IST" duration-ms="3318" status="PASS">
          <reporter-output>
          </reporter-output>
        </test-method> <!-- beforeMethod -->
        <test-method signature="testcase10()[pri:8, instance:testNGpractice.Regressionsuite@543588e6]" started-at="2022-05-31T14:54:22 IST" name="testcase10" finished-at="2022-05-31T14:54:23 IST" duration-ms="890" status="PASS">
          <reporter-output>
          </reporter-output>
        </test-method> <!-- testcase10 -->
        <test-method is-config="true" signature="afterMethod()[pri:0, instance:testNGpractice.Regressionsuite@543588e6]" started-at="2022-05-31T14:54:23 IST" name="afterMethod" finished-at="2022-05-31T14:54:23 IST" duration-ms="279" status="PASS">
          <reporter-output>
          </reporter-output>
        </test-method> <!-- afterMethod -->
      </class> <!-- testNGpractice.Regressionsuite -->
    </test> <!-- Default test -->
  </suite> <!-- Default suite -->
</testng-results>
