<?xml version="1.0" encoding="UTF-8"?>
<testng-results ignored="0" total="1" passed="1" failed="0" skipped="0">
  <reporter-output>
  </reporter-output>
  <suite started-at="2022-05-25T19:41:39 IST" name="Default suite" finished-at="2022-05-25T19:41:46 IST" duration-ms="7060">
    <groups>
    </groups>
    <test started-at="2022-05-25T19:41:39 IST" name="Default test" finished-at="2022-05-25T19:41:46 IST" duration-ms="7060">
      <class name="testNGpractice.Loginsuite">
        <test-method signature="testcase1()[pri:0, instance:testNGpractice.Loginsuite@1a18644]" started-at="2022-05-25T19:41:39 IST" name="testcase1" finished-at="2022-05-25T19:41:46 IST" duration-ms="6989" status="PASS">
          <reporter-output>
          </reporter-output>
        </test-method> <!-- testcase1 -->
      </class> <!-- testNGpractice.Loginsuite -->
    </test> <!-- Default test -->
  </suite> <!-- Default suite -->
</testng-results>
