<?xml version="1.0" encoding="UTF-8"?>
<testng-results ignored="0" total="2" passed="2" failed="0" skipped="0">
  <reporter-output>
  </reporter-output>
  <suite started-at="2022-06-03T13:01:57 IST" name="Suite" finished-at="2022-06-03T13:02:13 IST" duration-ms="15803">
    <groups>
    </groups>
    <test started-at="2022-06-03T13:01:57 IST" name="parallel" finished-at="2022-06-03T13:02:13 IST" duration-ms="15803">
      <class name="testNGpractice.Parallelbrowsing">
        <test-method signature="Gchrome()[pri:0, instance:testNGpractice.Parallelbrowsing@1af2d44a]" started-at="2022-06-03T13:01:57 IST" name="Gchrome" finished-at="2022-06-03T13:02:03 IST" duration-ms="6069" status="PASS">
          <reporter-output>
          </reporter-output>
        </test-method> <!-- Gchrome -->
        <test-method signature="firefox()[pri:0, instance:testNGpractice.Parallelbrowsing@1af2d44a]" started-at="2022-06-03T13:01:57 IST" name="firefox" finished-at="2022-06-03T13:02:11 IST" duration-ms="13787" status="PASS">
          <reporter-output>
          </reporter-output>
        </test-method> <!-- firefox -->
        <test-method is-config="true" signature="aftermethod()[pri:0, instance:testNGpractice.Parallelbrowsing@1af2d44a]" started-at="2022-06-03T13:02:03 IST" name="aftermethod" finished-at="2022-06-03T13:02:03 IST" duration-ms="245" status="PASS">
          <reporter-output>
          </reporter-output>
        </test-method> <!-- aftermethod -->
        <test-method is-config="true" signature="aftermethod()[pri:0, instance:testNGpractice.Parallelbrowsing@1af2d44a]" started-at="2022-06-03T13:02:11 IST" name="aftermethod" finished-at="2022-06-03T13:02:13 IST" duration-ms="1961" status="PASS">
          <reporter-output>
          </reporter-output>
        </test-method> <!-- aftermethod -->
      </class> <!-- testNGpractice.Parallelbrowsing -->
    </test> <!-- parallel -->
  </suite> <!-- Suite -->
</testng-results>
